make all --print-data-base --no-builtin-variables --no-builtin-rules --question
# GNU Make 4.2.1
# Built for x86_64-pc-linux-gnu
# Copyright (C) 1988-2016 Free Software Foundation, Inc.
# License GPLv3+: GNU GPL version 3 or later <http://gnu.org/licenses/gpl.html>
# This is free software: you are free to change and redistribute it.
# There is NO WARRANTY, to the extent permitted by law.

# Make data base, printed on Fri Jul 23 15:05:25 2021

# Variables

# 'override' directive
GNUMAKEFLAGS := 
# automatic
<D = $(patsubst %/,%,$(dir $<))
# automatic
?F = $(notdir $?)
# environment
DESKTOP_SESSION = ubuntu
# default
.SHELLFLAGS := -c
# environment
XDG_SESSION_CLASS = user
# environment
XDG_SESSION_TYPE = x11
# environment
VSCODE_LOG_NATIVE = false
# automatic
?D = $(patsubst %/,%,$(dir $?))
# environment
IM_CONFIG_PHASE = 1
# makefile (from 'makefile', line 52)
INCLUDES = -I. -I ~/gsoap-2.8/gsoap/plugin -I ~/gsoap-2.8/gsoap/custom -I ~/gsoap-2.8/gsoap
# automatic
@D = $(patsubst %/,%,$(dir $@))
# environment
XAUTHORITY = /run/user/1000/gdm/Xauthority
# environment
GDMSESSION = ubuntu
# environment
XMODIFIERS = @im=ibus
# makefile
CURDIR := /home/ngoc/Documents/gsoap/onvif_server_c
# makefile
SHELL = /bin/sh
# environment
VSCODE_NLS_CONFIG = {"locale":"en-us","availableLanguages":{},"_languagePackSupport":true}
# environment
_ = /usr/share/code/code
# makefile (from 'makefile', line 44)
CFLAGS = -Wall -g -DWITH_OPENSSL -DWITH_DOM -DWITH_ZLIB 
# environment
JOURNAL_STREAM = 8:44475
# environment
XDG_CONFIG_DIRS = /etc/xdg/xdg-ubuntu:/etc/xdg
# makefile (from 'makefile', line 1)
MAKEFILE_LIST :=  makefile
# automatic
@F = $(notdir $@)
# environment
GIO_LAUNCHED_DESKTOP_FILE = /usr/share/applications/code.desktop
# environment
USERNAME = ngoc
# environment
MAKELEVEL := 0
# environment
XDG_DATA_DIRS = /usr/share/ubuntu:/usr/local/share/:/usr/share/:/var/lib/snapd/desktop
# environment
DBUS_SESSION_BUS_ADDRESS = unix:path=/run/user/1000/bus
# environment
VSCODE_VERBOSE_LOGGING = true
# makefile (from 'makefile', line 81)
OBJS = main.cpp soapC.cpp soapServer.cpp wsddClient.cpp onvif_impl.cpp stdsoap2.cpp ~/gsoap-2.8/gsoap/dom.cpp ~/gsoap-2.8/gsoap/plugin/smdevp.c ~/gsoap-2.8/gsoap/plugin/mecevp.c ~/gsoap-2.8/gsoap/plugin/wsaapi.c ~/gsoap-2.8/gsoap/plugin/wsseapi.c ~/gsoap-2.8/gsoap/plugin/wsddapi.c ~/gsoap-2.8/gsoap/custom/struct_timeval.c include/sha1.cpp include/httpda.c
# environment
MANAGERPID = 1531
# environment
LESSOPEN = | /usr/bin/lesspipe %s
# environment
LC_NAME = vi_VN
# environment
VSCODE_CWD = /home/ngoc
# default
MAKE_HOST := x86_64-pc-linux-gnu
# environment
PATH = /home/ngoc/bin:/home/ngoc/bin:/usr/local/sbin:/usr/local/bin:/usr/sbin:/usr/bin:/sbin:/bin:/usr/games:/usr/local/games:/snap/bin
# environment
GPG_AGENT_INFO = /run/user/1000/gnupg/S.gpg-agent:0:1
# environment
GJS_DEBUG_OUTPUT = stderr
# environment
SESSION_MANAGER = local/Ngoc:@/tmp/.ICE-unix/1758,unix/Ngoc:/tmp/.ICE-unix/1758
# environment
XDG_RUNTIME_DIR = /run/user/1000
# environment
XDG_MENU_PREFIX = gnome-
# environment
VSCODE_LOG_STACK = false
# environment
VSCODE_CRASH_REPORTER_START_OPTIONS = {"companyName":"Microsoft","productName":"VSCode","submitURL":"appcenter://code?aid=fba07a4d-84bd-4fc8-a125-9640fc8ce171&uid=5169a6ce-42cf-4da3-9436-abb1b15eed52&iid=5169a6ce-42cf-4da3-9436-abb1b15eed52&sid=5169a6ce-42cf-4da3-9436-abb1b15eed52","uploadToServer":true}
# environment
INVOCATION_ID = 19de51d5b3fe43c1a937f84926e50670
# default
.FEATURES := target-specific order-only second-expansion else-if shortest-stem undefine oneshell archives jobserver output-sync check-symlink guile load
# environment
LS_COLORS = 
# environment
XDG_SESSION_DESKTOP = ubuntu
# environment
SSH_AUTH_SOCK = /run/user/1000/keyring/ssh
# environment
GIO_LAUNCHED_DESKTOP_FILE_PID = 3175
# automatic
%F = $(notdir $%)
# environment
DISPLAY = :0
# environment
VSCODE_PIPE_LOGGING = true
# environment
PWD = /home/ngoc/Documents/gsoap/onvif_server_c
# default
.LOADED := 
# environment
SSH_AGENT_PID = 1713
# environment
ORIGINAL_XDG_CURRENT_DESKTOP = ubuntu:GNOME
# environment
GTK_MODULES = gail:atk-bridge
# environment
VSCODE_AMD_ENTRYPOINT = vs/workbench/services/extensions/node/extensionHostProcess
# environment
HOME = /home/ngoc
# environment
LESSCLOSE = /usr/bin/lesspipe %s %s
# environment
VSCODE_CODE_CACHE_PATH = /home/ngoc/.config/Code/CachedData/c3f126316369cd610563c75b1b1725e0679adfb3
# environment
LOGNAME = ngoc
# environment
APPLICATION_INSIGHTS_NO_DIAGNOSTIC_CHANNEL = true
# automatic
+F = $(notdir $+)
# environment
VSCODE_HANDLES_UNCAUGHT_ERRORS = true
# environment
GNOME_DESKTOP_SESSION_ID = this-is-deprecated
# automatic
^D = $(patsubst %/,%,$(dir $^))
# environment
LC_TIME = vi_VN
# default
MAKE = $(MAKE_COMMAND)
# default
MAKECMDGOALS := all
# environment
QT_IM_MODULE = ibus
# environment
SHLVL = 0
# makefile (from 'makefile', line 41)
CC = g++
# environment
GNOME_SHELL_SESSION_MODE = ubuntu
# environment
VSCODE_IPC_HOOK_EXTHOST = /run/user/1000/vscode-ipc-dbb989ce-64f4-4423-b0d4-649c1488c085.sock
# default
MAKE_VERSION := 4.2.1
# environment
USER = ngoc
# environment
LC_MONETARY = vi_VN
# makefile
.DEFAULT_GOAL := all
# environment
XDG_CURRENT_DESKTOP = Unity
# automatic
%D = $(patsubst %/,%,$(dir $%))
# environment
LC_TELEPHONE = vi_VN
# makefile (from 'makefile', line 99)
OBJSUPDATE = main.cpp
# default
MAKE_COMMAND := make
# default
.VARIABLES := 
# automatic
*F = $(notdir $*)
# environment
VSCODE_IPC_HOOK = /run/user/1000/vscode-ee68dce3-1.58.2-main.sock
# makefile
MAKEFLAGS = pqrR
# environment
MFLAGS = -pqrR
# automatic
*D = $(patsubst %/,%,$(dir $*))
# environment
BREAKPAD_DUMP_LOCATION = /home/ngoc/.config/Code/exthost Crash Reports
# makefile (from 'makefile', line 111)
MAIN = onvifserver
# automatic
+D = $(patsubst %/,%,$(dir $+))
# environment
GDK_BACKEND = x11
# environment
LC_PAPER = vi_VN
# environment
QT_ACCESSIBILITY = 1
# default
MAKEFILES := 
# environment
LC_NUMERIC = vi_VN
# environment
VSCODE_BROWSER_CODE_LOADING = bypassHeatCheck
# automatic
<F = $(notdir $<)
# environment
ELECTRON_RUN_AS_NODE = 1
# environment
LC_MEASUREMENT = vi_VN
# environment
LC_ALL = C
# environment
GJS_DEBUG_TOPICS = JS ERROR;JS LOG
# makefile (from 'makefile', line 61)
LIBS = -lcrypto -lssl -lz -ljsoncpp -std=c++11 -lgsoapssl++
# automatic
^F = $(notdir $^)
# default
SUFFIXES := 
# environment
CHROME_DESKTOP = code-url-handler.desktop
# environment
WINDOWPATH = 2
# default
.INCLUDE_DIRS = /usr/include /usr/local/include /usr/include
# environment
LC_IDENTIFICATION = vi_VN
# default
.RECIPEPREFIX := 
# environment
LC_ADDRESS = vi_VN
# environment
LANG = C
# environment
VSCODE_PID = 3175
# variable set hash-table stats:
# Load=116/1024=11%, Rehash=0, Collisions=50/193=26%

# Pattern-specific Variable Values

# No pattern-specific variable values.

# Directories

# . (device 2053, inode 2503433): 36 files, no impossibilities.

# 36 files, no impossibilities in 1 directories.

# Implicit Rules

# No implicit rules.

# Files

# Not a target:
/home/ngoc/gsoap-2.8/gsoap/plugin/wsseapi.c:
#  Implicit rule search has been done.
#  Last modified 2021-07-12 14:05:57.13606372
#  File has been updated.
#  Successfully updated.

# Not a target:
soapServer.cpp:
#  Implicit rule search has been done.
#  Last modified 2021-06-25 16:25:56.116815561
#  File has been updated.
#  Successfully updated.

all: onvifserver
#  Command line target.
#  Implicit rule search has not been done.
#  File does not exist.
#  File has been updated.
#  Needs to be updated (-q is set).
# variable set hash-table stats:
# Load=0/32=0%, Rehash=0, Collisions=0/9=0%
#  recipe to execute (from 'makefile', line 122):
	@echo  Simple compiler named onvifserver has been compiled

.PHONY: depend clean
#  Implicit rule search has not been done.
#  Modification time never checked.
#  File has not been updated.

# Not a target:
/home/ngoc/gsoap-2.8/gsoap/custom/struct_timeval.c:
#  Implicit rule search has been done.
#  Last modified 2021-04-21 07:26:43
#  File has been updated.
#  Successfully updated.

# Not a target:
/home/ngoc/gsoap-2.8/gsoap/plugin/mecevp.c:
#  Implicit rule search has been done.
#  Last modified 2021-04-21 07:26:44
#  File has been updated.
#  Successfully updated.

# Not a target:
.SUFFIXES:
#  Implicit rule search has not been done.
#  Modification time never checked.
#  File has not been updated.

# Not a target:
makefile:
#  Implicit rule search has been done.
#  Last modified 2021-07-23 09:02:19.827948815
#  File has been updated.
#  Successfully updated.

# Not a target:
include/sha1.cpp:
#  Implicit rule search has been done.
#  Last modified 2021-07-07 14:59:52.979482113
#  File has been updated.
#  Successfully updated.

# Not a target:
main.cpp:
#  Implicit rule search has been done.
#  Last modified 2021-07-23 09:41:47.607020929
#  File has been updated.
#  Successfully updated.

.c.o:
#  Implicit rule search has not been done.
#  Modification time never checked.
#  File has not been updated.
#  recipe to execute (from 'makefile', line 138):
	$(CC) $(CFLAGS) $(INCLUDES) -c $<  -o $@
	

depend:
#  Phony target (prerequisite of .PHONY).
#  Implicit rule search has not been done.
#  File does not exist.
#  File has not been updated.
#  recipe to execute (from 'makefile', line 145):
	makedepend $(INCLUDES) $^

onvifserver: main.cpp soapC.cpp soapServer.cpp wsddClient.cpp onvif_impl.cpp stdsoap2.cpp /home/ngoc/gsoap-2.8/gsoap/dom.cpp /home/ngoc/gsoap-2.8/gsoap/plugin/smdevp.c /home/ngoc/gsoap-2.8/gsoap/plugin/mecevp.c /home/ngoc/gsoap-2.8/gsoap/plugin/wsaapi.c /home/ngoc/gsoap-2.8/gsoap/plugin/wsseapi.c /home/ngoc/gsoap-2.8/gsoap/plugin/wsddapi.c /home/ngoc/gsoap-2.8/gsoap/custom/struct_timeval.c include/sha1.cpp include/httpda.c
#  Implicit rule search has not been done.
#  Implicit/static pattern stem: ''
#  Last modified 2021-07-22 16:57:55.772634178
#  File has been updated.
#  Needs to be updated (-q is set).
# automatic
# @ := onvifserver
# automatic
# % := 
# automatic
# * := 
# automatic
# + := main.cpp soapC.cpp soapServer.cpp wsddClient.cpp onvif_impl.cpp stdsoap2.cpp /home/ngoc/gsoap-2.8/gsoap/dom.cpp /home/ngoc/gsoap-2.8/gsoap/plugin/smdevp.c /home/ngoc/gsoap-2.8/gsoap/plugin/mecevp.c /home/ngoc/gsoap-2.8/gsoap/plugin/wsaapi.c /home/ngoc/gsoap-2.8/gsoap/plugin/wsseapi.c /home/ngoc/gsoap-2.8/gsoap/plugin/wsddapi.c /home/ngoc/gsoap-2.8/gsoap/custom/struct_timeval.c include/sha1.cpp include/httpda.c
# automatic
# | := 
# automatic
# < := main.cpp
# automatic
 
# ^ := main.cpp soapC.cpp soapServer.cpp wsddClient.cpp onvif_impl.cpp stdsoap2.cpp /home/ngoc/gsoap-2.8/gsoap/dom.cpp /home/ngoc/gsoap-2.8/gsoap/plugin/smdevp.c /home/ngoc/gsoap-2.8/gsoap/plugin/mecevp.c /home/ngoc/gsoap-2.8/gsoap/plugin/wsaapi.c /home/ngoc/gsoap-2.8/gsoap/plugin/wsseapi.c /home/ngoc/gsoap-2.8/gsoap/plugin/wsddapi.c /home/ngoc/gsoap-2.8/gsoap/custom/struct_timeval.c include/sha1.cpp include/httpda.c
# automatic
# ? := main.cpp
# variable set hash-table stats:
# Load=8/32=25%, Rehash=0, Collisions=2/17=12%
#  recipe to execute (from 'makefile', line 125):
	$(CC) $(CFLAGS) $(INCLUDES) -o $(MAIN) $(OBJS) $(LIBS)

# Not a target:
.DEFAULT:
#  Implicit rule search has not been done.
#  Modification time never checked.
#  File has not been updated.

clean:
#  Phony target (prerequisite of .PHONY).
#  Implicit rule search has not been done.
#  File does not exist.
#  File has not been updated.
#  recipe to execute (from 'makefile', line 142):
	$(RM) *.o *~ $(MAIN)

# Not a target:
onvif_impl.cpp:
#  Implicit rule search has been done.
#  Last modified 2021-07-22 10:23:55.439695221
#  File has been updated.
#  Successfully updated.

# Not a target:
wsddClient.cpp:
#  Implicit rule search has been done.
#  Last modified 2021-07-19 10:27:35.074892317
#  File has been updated.
#  Successfully updated.

# Not a target:
/home/ngoc/gsoap-2.8/gsoap/plugin/wsaapi.c:
#  Implicit rule search has been done.
#  Last modified 2021-04-21 07:26:44
#  File has been updated.
#  Successfully updated.

# Not a target:
stdsoap2.cpp:
#  Implicit rule search has been done.
#  Last modified 2021-06-29 11:56:32.103407474
#  File has been updated.
#  Successfully updated.

# Not a target:
/home/ngoc/gsoap-2.8/gsoap/dom.cpp:
#  Implicit rule search has been done.
#  Last modified 2021-04-21 07:26:44
#  File has been updated.
#  Successfully updated.

# Not a target:
soapC.cpp:
#  Implicit rule search has been done.
#  Last modified 2021-06-25 16:25:56.116815561
#  File has been updated.
#  Successfully updated.

# Not a target:
/home/ngoc/gsoap-2.8/gsoap/plugin/wsddapi.c:
#  Implicit rule search has been done.
#  Last modified 2021-07-19 14:18:30.233603383
#  File has been updated.
#  Successfully updated.

# Not a target:
include/httpda.c:
#  Implicit rule search has been done.
#  Last modified 2021-07-08 08:52:00.102618036
#  File has been updated.
#  Successfully updated.

# Not a target:
/home/ngoc/gsoap-2.8/gsoap/plugin/smdevp.c:
#  Implicit rule search has been done.
#  Last modified 2021-04-21 07:26:44
#  File has been updated.
#  Successfully updated.

# files hash-table stats:
# Load=24/1024=2%, Rehash=0, Collisions=2/57=4%
# VPATH Search Paths

# No 'vpath' search paths.

# No general ('VPATH' variable) search path.

# strcache buffers: 1 (0) / strings = 54 / storage = 901 B / avg = 16 B
# current buf: size = 8162 B / used = 901 B / count = 54 / avg = 16 B

# strcache performance: lookups = 76 / hit rate = 28%
# hash-table stats:
# Load=54/8192=1%, Rehash=0, Collisions=1/76=1%
# Finished Make data base on Fri Jul 23 15:05:25 2021

 
